pagesize :error: no info; setting pagesize = 4096
len(audio_taps) = 2313
  [1/180] rs=1000.0 beta=0.15 tau=1.0 if_noise=0.0 -> BER=0.0000 GMI=4.000
len(audio_taps) = 2313
  [2/180] rs=1000.0 beta=0.15 tau=1.0 if_noise=0.05 -> BER=0.0000 GMI=4.000
len(audio_taps) = 2313
  [3/180] rs=1000.0 beta=0.15 tau=1.0 if_noise=0.1 -> BER=0.0000 GMI=4.000
len(audio_taps) = 2313
  [4/180] rs=1000.0 beta=0.15 tau=1.0 if_noise=0.165 -> BER=0.0000 GMI=4.000
len(audio_taps) = 2313
  [5/180] rs=1000.0 beta=0.15 tau=1.0 if_noise=0.3 -> BER=0.0000 GMI=4.000
len(audio_taps) = 2313
  [6/180] rs=1000.0 beta=0.15 tau=1.0 if_noise=0.5 -> BER=0.0503 GMI=2.688
len(audio_taps) = 2313
  [7/180] rs=1000.0 beta=0.2 tau=1.0 if_noise=0.0 -> BER=0.0000 GMI=4.000
len(audio_taps) = 2313
  [8/180] rs=1000.0 beta=0.2 tau=1.0 if_noise=0.05 -> BER=0.0000 GMI=4.000
len(audio_taps) = 2313
  [9/180] rs=1000.0 beta=0.2 tau=1.0 if_noise=0.1 -> BER=0.0000 GMI=4.000
len(audio_taps) = 2313
  [10/180] rs=1000.0 beta=0.2 tau=1.0 if_noise=0.165 -> BER=0.0000 GMI=4.000
len(audio_taps) = 2313
  [11/180] rs=1000.0 beta=0.2 tau=1.0 if_noise=0.3 -> BER=0.0000 GMI=4.000
len(audio_taps) = 2313
  [12/180] rs=1000.0 beta=0.2 tau=1.0 if_noise=0.5 -> BER=0.2167 GMI=-0.052
len(audio_taps) = 2313
  [13/180] rs=1000.0 beta=0.25 tau=1.0 if_noise=0.0 -> BER=0.0000 GMI=4.000
len(audio_taps) = 2313
  [14/180] rs=1000.0 beta=0.25 tau=1.0 if_noise=0.05 -> BER=0.0000 GMI=4.000
len(audio_taps) = 2313
  [15/180] rs=1000.0 beta=0.25 tau=1.0 if_noise=0.1 -> BER=0.0000 GMI=4.000
len(audio_taps) = 2313
  [16/180] rs=1000.0 beta=0.25 tau=1.0 if_noise=0.165 -> BER=0.0000 GMI=4.000
len(audio_taps) = 2313
  [17/180] rs=1000.0 beta=0.25 tau=1.0 if_noise=0.3 -> BER=0.0000 GMI=4.000
len(audio_taps) = 2313
  [18/180] rs=1000.0 beta=0.25 tau=1.0 if_noise=0.5 -> BER=0.1595 GMI=1.001
len(audio_taps) = 2313
  [19/180] rs=1200.0 beta=0.15 tau=1.0 if_noise=0.0 -> BER=0.0000 GMI=4.000
len(audio_taps) = 2313
  [20/180] rs=1200.0 beta=0.15 tau=1.0 if_noise=0.05 -> BER=0.0000 GMI=4.000
len(audio_taps) = 2313
  [21/180] rs=1200.0 beta=0.15 tau=1.0 if_noise=0.1 -> BER=0.0000 GMI=4.000
len(audio_taps) = 2313
  [22/180] rs=1200.0 beta=0.15 tau=1.0 if_noise=0.165 -> BER=0.0000 GMI=4.000
len(audio_taps) = 2313
  [23/180] rs=1200.0 beta=0.15 tau=1.0 if_noise=0.3 -> BER=0.0000 GMI=4.000
len(audio_taps) = 2313
  [24/180] rs=1200.0 beta=0.15 tau=1.0 if_noise=0.5 -> BER=0.1741 GMI=0.998
len(audio_taps) = 2313
  [25/180] rs=1200.0 beta=0.2 tau=1.0 if_noise=0.0 -> BER=0.0000 GMI=4.000
len(audio_taps) = 2313
  [26/180] rs=1200.0 beta=0.2 tau=1.0 if_noise=0.05 -> BER=0.0000 GMI=4.000
len(audio_taps) = 2313
  [27/180] rs=1200.0 beta=0.2 tau=1.0 if_noise=0.1 -> BER=0.0000 GMI=4.000
len(audio_taps) = 2313
  [28/180] rs=1200.0 beta=0.2 tau=1.0 if_noise=0.165 -> BER=0.0000 GMI=4.000
len(audio_taps) = 2313
  [29/180] rs=1200.0 beta=0.2 tau=1.0 if_noise=0.3 -> BER=0.0000 GMI=4.000
len(audio_taps) = 2313
  [30/180] rs=1200.0 beta=0.2 tau=1.0 if_noise=0.5 -> BER=0.0531 GMI=2.755
len(audio_taps) = 2313
  [31/180] rs=1200.0 beta=0.25 tau=1.0 if_noise=0.0 -> BER=0.0000 GMI=4.000
len(audio_taps) = 2313
  [32/180] rs=1200.0 beta=0.25 tau=1.0 if_noise=0.05 -> BER=0.0000 GMI=4.000
len(audio_taps) = 2313
  [33/180] rs=1200.0 beta=0.25 tau=1.0 if_noise=0.1 -> BER=0.0000 GMI=4.000
len(audio_taps) = 2313
  [34/180] rs=1200.0 beta=0.25 tau=1.0 if_noise=0.165 -> BER=0.0000 GMI=4.000
len(audio_taps) = 2313
  [35/180] rs=1200.0 beta=0.25 tau=1.0 if_noise=0.3 -> BER=0.0000 GMI=4.000
len(audio_taps) = 2313
  [36/180] rs=1200.0 beta=0.25 tau=1.0 if_noise=0.5 -> BER=0.0707 GMI=2.521
len(audio_taps) = 2313
  [37/180] rs=1411.764705882353 beta=0.15 tau=1.0 if_noise=0.0 -> BER=0.0000 GMI=4.000
len(audio_taps) = 2313
  [38/180] rs=1411.764705882353 beta=0.15 tau=1.0 if_noise=0.05 -> BER=0.0000 GMI=4.000
len(audio_taps) = 2313
  [39/180] rs=1411.764705882353 beta=0.15 tau=1.0 if_noise=0.1 -> BER=0.0000 GMI=4.000
len(audio_taps) = 2313
  [40/180] rs=1411.764705882353 beta=0.15 tau=1.0 if_noise=0.165 -> BER=0.0000 GMI=4.000
len(audio_taps) = 2313
  [41/180] rs=1411.764705882353 beta=0.15 tau=1.0 if_noise=0.3 -> BER=0.0000 GMI=4.000
len(audio_taps) = 2313
  [42/180] rs=1411.764705882353 beta=0.15 tau=1.0 if_noise=0.5 -> BER=0.2806 GMI=-0.292
len(audio_taps) = 2313
  [43/180] rs=1411.764705882353 beta=0.2 tau=1.0 if_noise=0.0 -> BER=0.0000 GMI=4.000
len(audio_taps) = 2313
  [44/180] rs=1411.764705882353 beta=0.2 tau=1.0 if_noise=0.05 -> BER=0.0000 GMI=4.000
len(audio_taps) = 2313
  [45/180] rs=1411.764705882353 beta=0.2 tau=1.0 if_noise=0.1 -> BER=0.0000 GMI=4.000
len(audio_taps) = 2313
  [46/180] rs=1411.764705882353 beta=0.2 tau=1.0 if_noise=0.165 -> BER=0.0000 GMI=4.000
len(audio_taps) = 2313
  [47/180] rs=1411.764705882353 beta=0.2 tau=1.0 if_noise=0.3 -> BER=0.0000 GMI=4.000
len(audio_taps) = 2313
  [48/180] rs=1411.764705882353 beta=0.2 tau=1.0 if_noise=0.5 -> BER=0.0457 GMI=2.894
len(audio_taps) = 2313
  [49/180] rs=1411.764705882353 beta=0.25 tau=1.0 if_noise=0.0 -> BER=0.0000 GMI=4.000
len(audio_taps) = 2313
  [50/180] rs=1411.764705882353 beta=0.25 tau=1.0 if_noise=0.05 -> BER=0.0000 GMI=4.000
len(audio_taps) = 2313
  [51/180] rs=1411.764705882353 beta=0.25 tau=1.0 if_noise=0.1 -> BER=0.0000 GMI=4.000
len(audio_taps) = 2313
  [52/180] rs=1411.764705882353 beta=0.25 tau=1.0 if_noise=0.165 -> BER=0.0000 GMI=4.000
len(audio_taps) = 2313
  [53/180] rs=1411.764705882353 beta=0.25 tau=1.0 if_noise=0.3 -> BER=0.0000 GMI=4.000
len(audio_taps) = 2313
  [54/180] rs=1411.764705882353 beta=0.25 tau=1.0 if_noise=0.5 -> BER=0.0249 GMI=3.302
len(audio_taps) = 2313
  [55/180] rs=1500.0 beta=0.15 tau=1.0 if_noise=0.0 -> BER=0.0021 GMI=3.906
len(audio_taps) = 2313
  [56/180] rs=1500.0 beta=0.15 tau=1.0 if_noise=0.05 -> BER=0.0016 GMI=3.952
len(audio_taps) = 2313
  [57/180] rs=1500.0 beta=0.15 tau=1.0 if_noise=0.1 -> BER=0.0010 GMI=3.988
len(audio_taps) = 2313
  [58/180] rs=1500.0 beta=0.15 tau=1.0 if_noise=0.165 -> BER=0.0034 GMI=3.901
len(audio_taps) = 2313
  [59/180] rs=1500.0 beta=0.15 tau=1.0 if_noise=0.3 -> BER=0.0010 GMI=3.967
len(audio_taps) = 2313
  [60/180] rs=1500.0 beta=0.15 tau=1.0 if_noise=0.5 -> BER=0.0284 GMI=3.330
len(audio_taps) = 2313
  [61/180] rs=1500.0 beta=0.2 tau=1.0 if_noise=0.0 -> BER=0.0000 GMI=4.000
len(audio_taps) = 2313
  [62/180] rs=1500.0 beta=0.2 tau=1.0 if_noise=0.05 -> BER=0.0000 GMI=4.000
len(audio_taps) = 2313
  [63/180] rs=1500.0 beta=0.2 tau=1.0 if_noise=0.1 -> BER=0.0000 GMI=4.000
len(audio_taps) = 2313
  [64/180] rs=1500.0 beta=0.2 tau=1.0 if_noise=0.165 -> BER=0.0000 GMI=4.000
len(audio_taps) = 2313
  [65/180] rs=1500.0 beta=0.2 tau=1.0 if_noise=0.3 -> BER=0.0000 GMI=4.000
len(audio_taps) = 2313
  [66/180] rs=1500.0 beta=0.2 tau=1.0 if_noise=0.5 -> BER=0.0773 GMI=2.559
len(audio_taps) = 2313
  [67/180] rs=1500.0 beta=0.25 tau=1.0 if_noise=0.0 -> BER=0.0003 GMI=3.998
len(audio_taps) = 2313
  [68/180] rs=1500.0 beta=0.25 tau=1.0 if_noise=0.05 -> BER=0.0000 GMI=4.000
len(audio_taps) = 2313
  [69/180] rs=1500.0 beta=0.25 tau=1.0 if_noise=0.1 -> BER=0.0000 GMI=4.000
len(audio_taps) = 2313
  [70/180] rs=1500.0 beta=0.25 tau=1.0 if_noise=0.165 -> BER=0.0000 GMI=4.000
len(audio_taps) = 2313
  [71/180] rs=1500.0 beta=0.25 tau=1.0 if_noise=0.3 -> BER=0.0000 GMI=4.000
len(audio_taps) = 2313
  [72/180] rs=1500.0 beta=0.25 tau=1.0 if_noise=0.5 -> BER=0.2716 GMI=-0.837
len(audio_taps) = 2313
  [73/180] rs=1600.0 beta=0.15 tau=1.0 if_noise=0.0 -> BER=0.2237 GMI=0.115
len(audio_taps) = 2313
  [74/180] rs=1600.0 beta=0.15 tau=1.0 if_noise=0.05 -> BER=0.3058 GMI=-1.031
len(audio_taps) = 2313
  [75/180] rs=1600.0 beta=0.15 tau=1.0 if_noise=0.1 -> BER=0.2641 GMI=-0.642
len(audio_taps) = 2313
  [76/180] rs=1600.0 beta=0.15 tau=1.0 if_noise=0.165 -> BER=0.3045 GMI=-1.418
len(audio_taps) = 2313
  [77/180] rs=1600.0 beta=0.15 tau=1.0 if_noise=0.3 -> BER=0.2406 GMI=-0.147
len(audio_taps) = 2313
  [78/180] rs=1600.0 beta=0.15 tau=1.0 if_noise=0.5 -> BER=0.3206 GMI=-1.104
len(audio_taps) = 2313
  [79/180] rs=1600.0 beta=0.2 tau=1.0 if_noise=0.0 -> BER=0.2886 GMI=-1.631
len(audio_taps) = 2313
  [80/180] rs=1600.0 beta=0.2 tau=1.0 if_noise=0.05 -> BER=0.2192 GMI=0.341
len(audio_taps) = 2313
  [81/180] rs=1600.0 beta=0.2 tau=1.0 if_noise=0.1 -> BER=0.2529 GMI=-0.695
len(audio_taps) = 2313
  [82/180] rs=1600.0 beta=0.2 tau=1.0 if_noise=0.165 -> BER=0.2315 GMI=-0.179
len(audio_taps) = 2313
  [83/180] rs=1600.0 beta=0.2 tau=1.0 if_noise=0.3 -> BER=0.2782 GMI=-1.418
len(audio_taps) = 2313
  [84/180] rs=1600.0 beta=0.2 tau=1.0 if_noise=0.5 -> BER=0.3616 GMI=-1.581
len(audio_taps) = 2313
  [85/180] rs=1600.0 beta=0.25 tau=1.0 if_noise=0.0 -> BER=0.2860 GMI=-0.654
len(audio_taps) = 2313
  [86/180] rs=1600.0 beta=0.25 tau=1.0 if_noise=0.05 -> BER=0.2351 GMI=-0.197
len(audio_taps) = 2313
  [87/180] rs=1600.0 beta=0.25 tau=1.0 if_noise=0.1 -> BER=0.2474 GMI=-0.110
len(audio_taps) = 2313
  [88/180] rs=1600.0 beta=0.25 tau=1.0 if_noise=0.165 -> BER=0.2623 GMI=-1.369
len(audio_taps) = 2313
  [89/180] rs=1600.0 beta=0.25 tau=1.0 if_noise=0.3 -> BER=0.2325 GMI=-0.280
len(audio_taps) = 2313
  [90/180] rs=1600.0 beta=0.25 tau=1.0 if_noise=0.5 -> BER=0.3538 GMI=-0.979
len(audio_taps) = 2313
  [91/180] rs=2000.0 beta=0.15 tau=1.0 if_noise=0.0 -> BER=0.4913 GMI=-0.175
len(audio_taps) = 2313
  [92/180] rs=2000.0 beta=0.15 tau=1.0 if_noise=0.05 -> BER=0.5005 GMI=-0.229
len(audio_taps) = 2313
  [93/180] rs=2000.0 beta=0.15 tau=1.0 if_noise=0.1 -> BER=0.5095 GMI=-0.207
len(audio_taps) = 2313
  [94/180] rs=2000.0 beta=0.15 tau=1.0 if_noise=0.165 -> BER=0.5040 GMI=-0.229
len(audio_taps) = 2313
  [95/180] rs=2000.0 beta=0.15 tau=1.0 if_noise=0.3 -> BER=0.5048 GMI=-0.323
len(audio_taps) = 2313
  [96/180] rs=2000.0 beta=0.15 tau=1.0 if_noise=0.5 -> BER=0.5018 GMI=-0.351
len(audio_taps) = 2313
  [97/180] rs=2000.0 beta=0.2 tau=1.0 if_noise=0.0 -> BER=0.5053 GMI=-0.251
len(audio_taps) = 2313
  [98/180] rs=2000.0 beta=0.2 tau=1.0 if_noise=0.05 -> BER=0.5011 GMI=-0.229
len(audio_taps) = 2313
  [99/180] rs=2000.0 beta=0.2 tau=1.0 if_noise=0.1 -> BER=0.5069 GMI=-0.273
len(audio_taps) = 2313
  [100/180] rs=2000.0 beta=0.2 tau=1.0 if_noise=0.165 -> BER=0.4942 GMI=-0.240
len(audio_taps) = 2313
  [101/180] rs=2000.0 beta=0.2 tau=1.0 if_noise=0.3 -> BER=0.4923 GMI=-0.302
len(audio_taps) = 2313
  [102/180] rs=2000.0 beta=0.2 tau=1.0 if_noise=0.5 -> BER=0.4913 GMI=-0.198
len(audio_taps) = 2313
  [103/180] rs=2000.0 beta=0.25 tau=1.0 if_noise=0.0 -> BER=0.5053 GMI=-0.306
len(audio_taps) = 2313
  [104/180] rs=2000.0 beta=0.25 tau=1.0 if_noise=0.05 -> BER=0.5090 GMI=-0.264
len(audio_taps) = 2313
  [105/180] rs=2000.0 beta=0.25 tau=1.0 if_noise=0.1 -> BER=0.5140 GMI=-0.324
len(audio_taps) = 2313
  [106/180] rs=2000.0 beta=0.25 tau=1.0 if_noise=0.165 -> BER=0.4881 GMI=-0.210
len(audio_taps) = 2313
  [107/180] rs=2000.0 beta=0.25 tau=1.0 if_noise=0.3 -> BER=0.5026 GMI=-0.300
len(audio_taps) = 2313
  [108/180] rs=2000.0 beta=0.25 tau=1.0 if_noise=0.5 -> BER=0.4960 GMI=-0.268
len(audio_taps) = 2313
  [109/180] rs=1200.0 beta=0.15 tau=0.9 if_noise=0.0 -> BER=0.0364 GMI=3.339
len(audio_taps) = 2313
  [110/180] rs=1200.0 beta=0.15 tau=0.9 if_noise=0.05 -> BER=0.0408 GMI=3.316
len(audio_taps) = 2313
  [111/180] rs=1200.0 beta=0.15 tau=0.9 if_noise=0.1 -> BER=0.2113 GMI=0.867
len(audio_taps) = 2313
  [112/180] rs=1200.0 beta=0.15 tau=0.9 if_noise=0.165 -> BER=0.0994 GMI=2.647
len(audio_taps) = 2313
  [113/180] rs=1200.0 beta=0.15 tau=0.9 if_noise=0.3 -> BER=0.0901 GMI=2.747
len(audio_taps) = 2313
  [114/180] rs=1200.0 beta=0.15 tau=0.9 if_noise=0.5 -> BER=0.1446 GMI=1.958
len(audio_taps) = 2313
  [115/180] rs=1200.0 beta=0.2 tau=0.9 if_noise=0.0 -> BER=0.0129 GMI=3.707
len(audio_taps) = 2313
  [116/180] rs=1200.0 beta=0.2 tau=0.9 if_noise=0.05 -> BER=0.0212 GMI=3.640
len(audio_taps) = 2313
  [117/180] rs=1200.0 beta=0.2 tau=0.9 if_noise=0.1 -> BER=0.0111 GMI=3.752
len(audio_taps) = 2313
  [118/180] rs=1200.0 beta=0.2 tau=0.9 if_noise=0.165 -> BER=0.0230 GMI=3.599
len(audio_taps) = 2313
  [119/180] rs=1200.0 beta=0.2 tau=0.9 if_noise=0.3 -> BER=0.0183 GMI=3.710
len(audio_taps) = 2313
  [120/180] rs=1200.0 beta=0.2 tau=0.9 if_noise=0.5 -> BER=0.0687 GMI=2.694
len(audio_taps) = 2313
  [121/180] rs=1200.0 beta=0.25 tau=0.9 if_noise=0.0 -> BER=0.0018 GMI=3.962
len(audio_taps) = 2313
  [122/180] rs=1200.0 beta=0.25 tau=0.9 if_noise=0.05 -> BER=0.0008 GMI=3.977
len(audio_taps) = 2313
  [123/180] rs=1200.0 beta=0.25 tau=0.9 if_noise=0.1 -> BER=0.0010 GMI=3.968
len(audio_taps) = 2313
  [124/180] rs=1200.0 beta=0.25 tau=0.9 if_noise=0.165 -> BER=0.0003 GMI=3.973
len(audio_taps) = 2313
  [125/180] rs=1200.0 beta=0.25 tau=0.9 if_noise=0.3 -> BER=0.0008 GMI=3.968
len(audio_taps) = 2313
  [126/180] rs=1200.0 beta=0.25 tau=0.9 if_noise=0.5 -> BER=0.0620 GMI=2.783
len(audio_taps) = 2313
  [127/180] rs=1411.764705882353 beta=0.15 tau=0.9411764705882353 if_noise=0.0 -> BER=0.0057 GMI=3.899
len(audio_taps) = 2313
  [128/180] rs=1411.764705882353 beta=0.15 tau=0.9411764705882353 if_noise=0.05 -> BER=0.0099 GMI=3.850
len(audio_taps) = 2313
  [129/180] rs=1411.764705882353 beta=0.15 tau=0.9411764705882353 if_noise=0.1 -> BER=0.0026 GMI=3.920
len(audio_taps) = 2313
  [130/180] rs=1411.764705882353 beta=0.15 tau=0.9411764705882353 if_noise=0.165 -> BER=0.0031 GMI=3.931
len(audio_taps) = 2313
  [131/180] rs=1411.764705882353 beta=0.15 tau=0.9411764705882353 if_noise=0.3 -> BER=0.0029 GMI=3.909
len(audio_taps) = 2313
  [132/180] rs=1411.764705882353 beta=0.15 tau=0.9411764705882353 if_noise=0.5 -> BER=0.1067 GMI=2.319
len(audio_taps) = 2313
  [133/180] rs=1411.764705882353 beta=0.2 tau=0.9411764705882353 if_noise=0.0 -> BER=0.0000 GMI=3.998
len(audio_taps) = 2313
  [134/180] rs=1411.764705882353 beta=0.2 tau=0.9411764705882353 if_noise=0.05 -> BER=0.0000 GMI=3.999
len(audio_taps) = 2313
  [135/180] rs=1411.764705882353 beta=0.2 tau=0.9411764705882353 if_noise=0.1 -> BER=0.0000 GMI=3.999
len(audio_taps) = 2313
  [136/180] rs=1411.764705882353 beta=0.2 tau=0.9411764705882353 if_noise=0.165 -> BER=0.0005 GMI=3.989
len(audio_taps) = 2313
  [137/180] rs=1411.764705882353 beta=0.2 tau=0.9411764705882353 if_noise=0.3 -> BER=0.0000 GMI=3.999
len(audio_taps) = 2313
  [138/180] rs=1411.764705882353 beta=0.2 tau=0.9411764705882353 if_noise=0.5 -> BER=0.0849 GMI=2.385
len(audio_taps) = 2313
  [139/180] rs=1411.764705882353 beta=0.25 tau=0.9411764705882353 if_noise=0.0 -> BER=0.0000 GMI=4.000
len(audio_taps) = 2313
  [140/180] rs=1411.764705882353 beta=0.25 tau=0.9411764705882353 if_noise=0.05 -> BER=0.0000 GMI=4.000
len(audio_taps) = 2313
  [141/180] rs=1411.764705882353 beta=0.25 tau=0.9411764705882353 if_noise=0.1 -> BER=0.0000 GMI=4.000
len(audio_taps) = 2313
  [142/180] rs=1411.764705882353 beta=0.25 tau=0.9411764705882353 if_noise=0.165 -> BER=0.0000 GMI=4.000
len(audio_taps) = 2313
  [143/180] rs=1411.764705882353 beta=0.25 tau=0.9411764705882353 if_noise=0.3 -> BER=0.0000 GMI=4.000
len(audio_taps) = 2313
  [144/180] rs=1411.764705882353 beta=0.25 tau=0.9411764705882353 if_noise=0.5 -> BER=0.0831 GMI=2.615
len(audio_taps) = 2313
  [145/180] rs=1500.0 beta=0.15 tau=0.9375 if_noise=0.0 -> BER=0.0169 GMI=3.639
len(audio_taps) = 2313
  [146/180] rs=1500.0 beta=0.15 tau=0.9375 if_noise=0.05 -> BER=0.0294 GMI=3.539
len(audio_taps) = 2313
  [147/180] rs=1500.0 beta=0.15 tau=0.9375 if_noise=0.1 -> BER=0.0122 GMI=3.693
len(audio_taps) = 2313
  [148/180] rs=1500.0 beta=0.15 tau=0.9375 if_noise=0.165 -> BER=0.0328 GMI=3.488
len(audio_taps) = 2313
  [149/180] rs=1500.0 beta=0.15 tau=0.9375 if_noise=0.3 -> BER=0.0102 GMI=3.751
len(audio_taps) = 2313
  [150/180] rs=1500.0 beta=0.15 tau=0.9375 if_noise=0.5 -> BER=0.0638 GMI=2.664
len(audio_taps) = 2313
  [151/180] rs=1500.0 beta=0.2 tau=0.9375 if_noise=0.0 -> BER=0.0036 GMI=3.917
len(audio_taps) = 2313
  [152/180] rs=1500.0 beta=0.2 tau=0.9375 if_noise=0.05 -> BER=0.0013 GMI=3.952
len(audio_taps) = 2313
  [153/180] rs=1500.0 beta=0.2 tau=0.9375 if_noise=0.1 -> BER=0.0026 GMI=3.936
len(audio_taps) = 2313
  [154/180] rs=1500.0 beta=0.2 tau=0.9375 if_noise=0.165 -> BER=0.0031 GMI=3.922
len(audio_taps) = 2313
  [155/180] rs=1500.0 beta=0.2 tau=0.9375 if_noise=0.3 -> BER=0.0042 GMI=3.882
len(audio_taps) = 2313
  [156/180] rs=1500.0 beta=0.2 tau=0.9375 if_noise=0.5 -> BER=0.1674 GMI=1.781
len(audio_taps) = 2313
  [157/180] rs=1500.0 beta=0.25 tau=0.9375 if_noise=0.0 -> BER=0.0010 GMI=3.978
len(audio_taps) = 2313
  [158/180] rs=1500.0 beta=0.25 tau=0.9375 if_noise=0.05 -> BER=0.0003 GMI=3.993
len(audio_taps) = 2313
  [159/180] rs=1500.0 beta=0.25 tau=0.9375 if_noise=0.1 -> BER=0.0003 GMI=3.990
len(audio_taps) = 2313
  [160/180] rs=1500.0 beta=0.25 tau=0.9375 if_noise=0.165 -> BER=0.0010 GMI=3.984
len(audio_taps) = 2313
  [161/180] rs=1500.0 beta=0.25 tau=0.9375 if_noise=0.3 -> BER=0.0010 GMI=3.980
len(audio_taps) = 2313
  [162/180] rs=1500.0 beta=0.25 tau=0.9375 if_noise=0.5 -> BER=0.1495 GMI=1.729
len(audio_taps) = 2313
  [163/180] rs=1600.0 beta=0.15 tau=0.9 if_noise=0.0 -> BER=0.1982 GMI=1.280
len(audio_taps) = 2313
  [164/180] rs=1600.0 beta=0.15 tau=0.9 if_noise=0.05 -> BER=0.3384 GMI=-0.058
len(audio_taps) = 2313
  [165/180] rs=1600.0 beta=0.15 tau=0.9 if_noise=0.1 -> BER=0.1138 GMI=2.468
len(audio_taps) = 2313
  [166/180] rs=1600.0 beta=0.15 tau=0.9 if_noise=0.165 -> BER=0.1423 GMI=2.146
len(audio_taps) = 2313
  [167/180] rs=1600.0 beta=0.15 tau=0.9 if_noise=0.3 -> BER=0.1404 GMI=2.176
len(audio_taps) = 2313
  [168/180] rs=1600.0 beta=0.15 tau=0.9 if_noise=0.5 -> BER=0.1713 GMI=1.717
len(audio_taps) = 2313
  [169/180] rs=1600.0 beta=0.2 tau=0.9 if_noise=0.0 -> BER=0.0711 GMI=2.865
len(audio_taps) = 2313
  [170/180] rs=1600.0 beta=0.2 tau=0.9 if_noise=0.05 -> BER=0.1799 GMI=1.647
len(audio_taps) = 2313
  [171/180] rs=1600.0 beta=0.2 tau=0.9 if_noise=0.1 -> BER=0.1621 GMI=1.849
len(audio_taps) = 2313
  [172/180] rs=1600.0 beta=0.2 tau=0.9 if_noise=0.165 -> BER=0.0868 GMI=2.704
len(audio_taps) = 2313
  [173/180] rs=1600.0 beta=0.2 tau=0.9 if_noise=0.3 -> BER=0.0842 GMI=2.754
len(audio_taps) = 2313
  [174/180] rs=1600.0 beta=0.2 tau=0.9 if_noise=0.5 -> BER=0.2306 GMI=1.070
len(audio_taps) = 2313
  [175/180] rs=1600.0 beta=0.25 tau=0.9 if_noise=0.0 -> BER=0.2667 GMI=0.236
len(audio_taps) = 2313
  [176/180] rs=1600.0 beta=0.25 tau=0.9 if_noise=0.05 -> BER=0.0923 GMI=2.758
len(audio_taps) = 2313
  [177/180] rs=1600.0 beta=0.25 tau=0.9 if_noise=0.1 -> BER=0.2986 GMI=-0.287
len(audio_taps) = 2313
  [178/180] rs=1600.0 beta=0.25 tau=0.9 if_noise=0.165 -> BER=0.0879 GMI=2.777
len(audio_taps) = 2313
  [179/180] rs=1600.0 beta=0.25 tau=0.9 if_noise=0.3 -> BER=0.1140 GMI=2.448
len(audio_taps) = 2313
  [180/180] rs=1600.0 beta=0.25 tau=0.9 if_noise=0.5 -> BER=0.1600 GMI=1.816
Sweep termine. Resultats dans C:\git\NewModem\study\..\results\apsk16_ftn
